{"name": "Check appear button", "status": "failed", "statusDetails": {"message": "AssertionError: button did not appear after 5 second\nassert False is True", "trace": "self = <elements_test.TestElements.TestDynamicPropertiesPage object at 0x000001B1655F3AF0>\ndriver = <selenium.webdriver.chrome.webdriver.WebDriver (session=\"c15227034a84d67cc66086ddf0c4002e\")>\n\n    @allure.title('Check appear button')\n    def test_appear_button(self, driver):\n        dynamic_properties_page = DynamicPropertiesPage(driver, 'https://demoqa.com/dynamic-properties')\n        dynamic_properties_page.open()\n        appear = dynamic_properties_page.check_appear_of_button()\n>       assert appear is True, 'button did not appear after 5 second'\nE       AssertionError: button did not appear after 5 second\nE       assert False is True\n\ntest\\elements_test.py:159: AssertionError"}, "steps": [{"name": "Open a browser", "status": "passed", "start": 1675722428420, "stop": 1675722430146}, {"name": "check appear of button", "status": "passed", "steps": [{"name": "Find a visible element", "status": "broken", "statusDetails": {"message": "selenium.common.exceptions.TimeoutException: Message: \nStacktrace:\nBacktrace:\n\t(No symbol) [0x00F26643]\n\t(No symbol) [0x00EBBE21]\n\t(No symbol) [0x00DBDA9D]\n\t(No symbol) [0x00DF1342]\n\t(No symbol) [0x00DF147B]\n\t(No symbol) [0x00E28DC2]\n\t(No symbol) [0x00E0FDC4]\n\t(No symbol) [0x00E26B09]\n\t(No symbol) [0x00E0FB76]\n\t(No symbol) [0x00DE49C1]\n\t(No symbol) [0x00DE5E5D]\n\tGetHandleVerifier [0x0119A142+2497106]\n\tGetHandleVerifier [0x011C85D3+2686691]\n\tGetHandleVerifier [0x011CBB9C+2700460]\n\tGetHandleVerifier [0x00FD3B10+635936]\n\t(No symbol) [0x00EC4A1F]\n\t(No symbol) [0x00ECA418]\n\t(No symbol) [0x00ECA505]\n\t(No symbol) [0x00ED508B]\n\tBaseThreadInitThunk [0x752300F9+25]\n\tRtlGetAppContainerNamedObjectPath [0x77177BBE+286]\n\tRtlGetAppContainerNamedObjectPath [0x77177B8E+238]\n\n", "trace": "  File \"D:\\automation_QA\\venv\\lib\\site-packages\\allure_commons\\_allure.py\", line 192, in impl\n    return func(*a, **kw)\n  File \"D:\\automation_QA\\pages\\base_pages.py\", line 18, in element_is_visible\n    self.go_to_element(self.element_is_present(locator))\n  File \"D:\\automation_QA\\venv\\lib\\site-packages\\allure_commons\\_allure.py\", line 192, in impl\n    return func(*a, **kw)\n  File \"D:\\automation_QA\\pages\\base_pages.py\", line 27, in element_is_present\n    return wait(self.driver, timeout).until(EC.presence_of_element_located(locator))\n  File \"D:\\automation_QA\\venv\\lib\\site-packages\\selenium\\webdriver\\support\\wait.py\", line 95, in until\n    raise TimeoutException(message, screen, stacktrace)\n"}, "steps": [{"name": "Find a present element", "status": "broken", "statusDetails": {"message": "selenium.common.exceptions.TimeoutException: Message: \nStacktrace:\nBacktrace:\n\t(No symbol) [0x00F26643]\n\t(No symbol) [0x00EBBE21]\n\t(No symbol) [0x00DBDA9D]\n\t(No symbol) [0x00DF1342]\n\t(No symbol) [0x00DF147B]\n\t(No symbol) [0x00E28DC2]\n\t(No symbol) [0x00E0FDC4]\n\t(No symbol) [0x00E26B09]\n\t(No symbol) [0x00E0FB76]\n\t(No symbol) [0x00DE49C1]\n\t(No symbol) [0x00DE5E5D]\n\tGetHandleVerifier [0x0119A142+2497106]\n\tGetHandleVerifier [0x011C85D3+2686691]\n\tGetHandleVerifier [0x011CBB9C+2700460]\n\tGetHandleVerifier [0x00FD3B10+635936]\n\t(No symbol) [0x00EC4A1F]\n\t(No symbol) [0x00ECA418]\n\t(No symbol) [0x00ECA505]\n\t(No symbol) [0x00ED508B]\n\tBaseThreadInitThunk [0x752300F9+25]\n\tRtlGetAppContainerNamedObjectPath [0x77177BBE+286]\n\tRtlGetAppContainerNamedObjectPath [0x77177B8E+238]\n\n", "trace": "  File \"D:\\automation_QA\\venv\\lib\\site-packages\\allure_commons\\_allure.py\", line 192, in impl\n    return func(*a, **kw)\n  File \"D:\\automation_QA\\pages\\base_pages.py\", line 27, in element_is_present\n    return wait(self.driver, timeout).until(EC.presence_of_element_located(locator))\n  File \"D:\\automation_QA\\venv\\lib\\site-packages\\selenium\\webdriver\\support\\wait.py\", line 95, in until\n    raise TimeoutException(message, screen, stacktrace)\n"}, "parameters": [{"name": "locator", "value": "('css selector', 'button[id=\"visibleAfter\"]')"}, {"name": "timeout", "value": "5"}], "start": 1675722430146, "stop": 1675722435338}], "parameters": [{"name": "locator", "value": "('css selector', 'button[id=\"visibleAfter\"]')"}, {"name": "timeout", "value": "5"}], "start": 1675722430146, "stop": 1675722435338}], "start": 1675722430146, "stop": 1675722435339}], "start": 1675722428420, "stop": 1675722435339, "uuid": "57087f15-c2ac-4e7d-bcc7-176500a054eb", "historyId": "4d6ab168cfa8088444e561353b99c33d", "testCaseId": "fd6d7fceb7dda8baeeb00db49f32e949", "fullName": "test.elements_test.TestDynamicPropertiesPage#test_appear_button", "labels": [{"name": "suite", "value": "Elements"}, {"name": "feature", "value": "Dynamic properties page"}, {"name": "parentSuite", "value": "test"}, {"name": "subSuite", "value": "TestElements"}, {"name": "host", "value": "WIN-5C2I4I2A90B"}, {"name": "thread", "value": "17784-MainThread"}, {"name": "framework", "value": "pytest"}, {"name": "language", "value": "cpython3"}, {"name": "package", "value": "test.elements_test"}]}